ERROR - 2022-05-18 11:34:10 --> Error connecting to the database: Access denied for user ''@'localhost' (using password: NO)
CRITICAL - 2022-05-18 12:34:37 --> Declaration of App\Models\Todolist_Model::save($data) must be compatible with CodeIgniter\BaseModel::save($data): bool
#0 [internal function]: CodeIgniter\Debug\Exceptions->shutdownHandler()
#1 {main}
ERROR - 2022-05-18 12:57:03 --> Unknown column 'tb_todolist.deleted_at' in 'where clause'
CRITICAL - 2022-05-18 12:57:03 --> Call to a member function getResult() on bool
#0 C:\Users\ASUS\Documents\AITINDO\codeigniter4-back-end\system\BaseModel.php(584): CodeIgniter\Model->doFindAll(0, 0)
#1 C:\Users\ASUS\Documents\AITINDO\codeigniter4-back-end\app\Controllers\TodolistController.php(15): CodeIgniter\BaseModel->findAll()
#2 C:\Users\ASUS\Documents\AITINDO\codeigniter4-back-end\system\CodeIgniter.php(832): App\Controllers\TodolistController->get_list()
#3 C:\Users\ASUS\Documents\AITINDO\codeigniter4-back-end\system\CodeIgniter.php(419): CodeIgniter\CodeIgniter->runController(Object(App\Controllers\TodolistController))
#4 C:\Users\ASUS\Documents\AITINDO\codeigniter4-back-end\system\CodeIgniter.php(326): CodeIgniter\CodeIgniter->handleRequest(NULL, Object(Config\Cache), false)
#5 C:\Users\ASUS\Documents\AITINDO\codeigniter4-back-end\public\index.php(37): CodeIgniter\CodeIgniter->run()
#6 C:\Users\ASUS\Documents\AITINDO\codeigniter4-back-end\system\Commands\Server\rewrite.php(43): require_once('C:\\Users\\ASUS\\D...')
#7 {main}
ERROR - 2022-05-18 12:57:42 --> Unknown column 'tb_todolist.deleted_at' in 'where clause'
CRITICAL - 2022-05-18 12:57:42 --> Call to a member function getResult() on bool
#0 C:\Users\ASUS\Documents\AITINDO\codeigniter4-back-end\system\BaseModel.php(584): CodeIgniter\Model->doFindAll(0, 0)
#1 C:\Users\ASUS\Documents\AITINDO\codeigniter4-back-end\app\Controllers\TodolistController.php(15): CodeIgniter\BaseModel->findAll()
#2 C:\Users\ASUS\Documents\AITINDO\codeigniter4-back-end\system\CodeIgniter.php(832): App\Controllers\TodolistController->get_list()
#3 C:\Users\ASUS\Documents\AITINDO\codeigniter4-back-end\system\CodeIgniter.php(419): CodeIgniter\CodeIgniter->runController(Object(App\Controllers\TodolistController))
#4 C:\Users\ASUS\Documents\AITINDO\codeigniter4-back-end\system\CodeIgniter.php(326): CodeIgniter\CodeIgniter->handleRequest(NULL, Object(Config\Cache), false)
#5 C:\Users\ASUS\Documents\AITINDO\codeigniter4-back-end\public\index.php(37): CodeIgniter\CodeIgniter->run()
#6 C:\Users\ASUS\Documents\AITINDO\codeigniter4-back-end\system\Commands\Server\rewrite.php(43): require_once('C:\\Users\\ASUS\\D...')
#7 {main}
ERROR - 2022-05-18 13:01:20 --> Unknown column 'tb_todolist.deleted_at' in 'where clause'
CRITICAL - 2022-05-18 13:01:20 --> Unknown column 'tb_todolist.deleted_at' in 'where clause'
#0 C:\Users\ASUS\Documents\AITINDO\codeigniter4-back-end\system\Database\MySQLi\Connection.php(292): mysqli->query('SELECT *\nFROM `...', 0)
#1 C:\Users\ASUS\Documents\AITINDO\codeigniter4-back-end\system\Database\BaseConnection.php(670): CodeIgniter\Database\MySQLi\Connection->execute('SELECT *\nFROM `...')
#2 C:\Users\ASUS\Documents\AITINDO\codeigniter4-back-end\system\Database\BaseConnection.php(598): CodeIgniter\Database\BaseConnection->simpleQuery('SELECT *\nFROM `...')
#3 C:\Users\ASUS\Documents\AITINDO\codeigniter4-back-end\system\Database\BaseBuilder.php(1455): CodeIgniter\Database\BaseConnection->query('SELECT *\nFROM `...', Array, false)
#4 C:\Users\ASUS\Documents\AITINDO\codeigniter4-back-end\system\Model.php(183): CodeIgniter\Database\BaseBuilder->get()
#5 C:\Users\ASUS\Documents\AITINDO\codeigniter4-back-end\system\BaseModel.php(584): CodeIgniter\Model->doFindAll(0, 0)
#6 C:\Users\ASUS\Documents\AITINDO\codeigniter4-back-end\app\Controllers\TodolistController.php(15): CodeIgniter\BaseModel->findAll()
#7 C:\Users\ASUS\Documents\AITINDO\codeigniter4-back-end\system\CodeIgniter.php(832): App\Controllers\TodolistController->get_list()
#8 C:\Users\ASUS\Documents\AITINDO\codeigniter4-back-end\system\CodeIgniter.php(419): CodeIgniter\CodeIgniter->runController(Object(App\Controllers\TodolistController))
#9 C:\Users\ASUS\Documents\AITINDO\codeigniter4-back-end\system\CodeIgniter.php(326): CodeIgniter\CodeIgniter->handleRequest(NULL, Object(Config\Cache), false)
#10 C:\Users\ASUS\Documents\AITINDO\codeigniter4-back-end\public\index.php(37): CodeIgniter\CodeIgniter->run()
#11 C:\Users\ASUS\Documents\AITINDO\codeigniter4-back-end\system\Commands\Server\rewrite.php(43): require_once('C:\\Users\\ASUS\\D...')
#12 {main}
ERROR - 2022-05-18 13:01:23 --> Unknown column 'tb_todolist.deleted_at' in 'where clause'
CRITICAL - 2022-05-18 13:01:23 --> Unknown column 'tb_todolist.deleted_at' in 'where clause'
#0 C:\Users\ASUS\Documents\AITINDO\codeigniter4-back-end\system\Database\MySQLi\Connection.php(292): mysqli->query('SELECT *\nFROM `...', 0)
#1 C:\Users\ASUS\Documents\AITINDO\codeigniter4-back-end\system\Database\BaseConnection.php(670): CodeIgniter\Database\MySQLi\Connection->execute('SELECT *\nFROM `...')
#2 C:\Users\ASUS\Documents\AITINDO\codeigniter4-back-end\system\Database\BaseConnection.php(598): CodeIgniter\Database\BaseConnection->simpleQuery('SELECT *\nFROM `...')
#3 C:\Users\ASUS\Documents\AITINDO\codeigniter4-back-end\system\Database\BaseBuilder.php(1455): CodeIgniter\Database\BaseConnection->query('SELECT *\nFROM `...', Array, false)
#4 C:\Users\ASUS\Documents\AITINDO\codeigniter4-back-end\system\Model.php(183): CodeIgniter\Database\BaseBuilder->get()
#5 C:\Users\ASUS\Documents\AITINDO\codeigniter4-back-end\system\BaseModel.php(584): CodeIgniter\Model->doFindAll(0, 0)
#6 C:\Users\ASUS\Documents\AITINDO\codeigniter4-back-end\app\Controllers\TodolistController.php(15): CodeIgniter\BaseModel->findAll()
#7 C:\Users\ASUS\Documents\AITINDO\codeigniter4-back-end\system\CodeIgniter.php(832): App\Controllers\TodolistController->get_list()
#8 C:\Users\ASUS\Documents\AITINDO\codeigniter4-back-end\system\CodeIgniter.php(419): CodeIgniter\CodeIgniter->runController(Object(App\Controllers\TodolistController))
#9 C:\Users\ASUS\Documents\AITINDO\codeigniter4-back-end\system\CodeIgniter.php(326): CodeIgniter\CodeIgniter->handleRequest(NULL, Object(Config\Cache), false)
#10 C:\Users\ASUS\Documents\AITINDO\codeigniter4-back-end\public\index.php(37): CodeIgniter\CodeIgniter->run()
#11 C:\Users\ASUS\Documents\AITINDO\codeigniter4-back-end\system\Commands\Server\rewrite.php(43): require_once('C:\\Users\\ASUS\\D...')
#12 {main}
CRITICAL - 2022-05-18 14:07:28 --> Call to undefined method App\Models\Todolist_Model::findById
#0 C:\Users\ASUS\Documents\AITINDO\codeigniter4-back-end\app\Controllers\TodolistController.php(38): CodeIgniter\Model->__call('findById', Array)
#1 C:\Users\ASUS\Documents\AITINDO\codeigniter4-back-end\system\CodeIgniter.php(832): App\Controllers\TodolistController->update()
#2 C:\Users\ASUS\Documents\AITINDO\codeigniter4-back-end\system\CodeIgniter.php(419): CodeIgniter\CodeIgniter->runController(Object(App\Controllers\TodolistController))
#3 C:\Users\ASUS\Documents\AITINDO\codeigniter4-back-end\system\CodeIgniter.php(326): CodeIgniter\CodeIgniter->handleRequest(NULL, Object(Config\Cache), false)
#4 C:\Users\ASUS\Documents\AITINDO\codeigniter4-back-end\public\index.php(37): CodeIgniter\CodeIgniter->run()
#5 C:\Users\ASUS\Documents\AITINDO\codeigniter4-back-end\system\Commands\Server\rewrite.php(43): require_once('C:\\Users\\ASUS\\D...')
#6 {main}
CRITICAL - 2022-05-18 14:19:57 --> Undefined variable: data
#0 C:\Users\ASUS\Documents\AITINDO\codeigniter4-back-end\app\Controllers\TodolistController.php(56): CodeIgniter\Debug\Exceptions->errorHandler(8, 'Undefined varia...', 'C:\\Users\\ASUS\\D...', 56, Array)
#1 C:\Users\ASUS\Documents\AITINDO\codeigniter4-back-end\system\CodeIgniter.php(832): App\Controllers\TodolistController->delete()
#2 C:\Users\ASUS\Documents\AITINDO\codeigniter4-back-end\system\CodeIgniter.php(419): CodeIgniter\CodeIgniter->runController(Object(App\Controllers\TodolistController))
#3 C:\Users\ASUS\Documents\AITINDO\codeigniter4-back-end\system\CodeIgniter.php(326): CodeIgniter\CodeIgniter->handleRequest(NULL, Object(Config\Cache), false)
#4 C:\Users\ASUS\Documents\AITINDO\codeigniter4-back-end\public\index.php(37): CodeIgniter\CodeIgniter->run()
#5 C:\Users\ASUS\Documents\AITINDO\codeigniter4-back-end\system\Commands\Server\rewrite.php(43): require_once('C:\\Users\\ASUS\\D...')
#6 {main}
